Removed Member From Class: ClassName=Master_MCU Member=C5
Removed Member From Class: ClassName=Master_Power_Supply Member=C9
Change component parameters: Designator = "L1"; Footprint = "L-SMD-M-7.3x4.5"; UniqueID = "\UMPKJODT\LURKGHNW"
Change component parameters. Clean all parameters for all variants
Change component parameters (AddParameter): Name = "ComponentLink1Description"; Value = "Manufacturer"; VariantName = "[No Variations]"
Change component parameters (AddParameter): Name = "ComponentLink1URL"; Value = "http://www.we-online.de"; VariantName = "[No Variations]"
Change component parameters (AddParameter): Name = "ComponentLink2Description"; Value = "Datasheet"; VariantName = "[No Variations]"
Change component parameters (AddParameter): Name = "ComponentLink2URL"; Value = "http://katalog.we-online.de/pbs/datasheet/78477010.pdf"; VariantName = "[No Variations]"
Change component parameters (AddParameter): Name = "Created by"; Value = "Baojun Chen"; VariantName = "[No Variations]"
Change component parameters (AddParameter): Name = "Created Date"; Value = "Nov.2015"; VariantName = "[No Variations]"
Change component parameters (AddParameter): Name = "Inductance"; Value = "33.0 µH"; VariantName = "[No Variations]"
Change component parameters (AddParameter): Name = "Manufacturer"; Value = "Wurth Elektronik"; VariantName = "[No Variations]"
Change component parameters (AddParameter): Name = "partNo"; Value = "78477010"; VariantName = "[No Variations]"
Added Pin To Net: NetName=GND Pin=C2-5
Added Pin To Net: NetName=+5 Pin=C2-6
Added Member To Class: ClassName=Master_MCU Member=Component C2 Header6
Added Member To Class: ClassName=Master_Power_Supply Member=Component C6 220uF/50V
Added Room: Name=Master_Display
Added Room: Name=Master_MCU
Added Room: Name=Master_Power_Supply
Added Room: Name=Master_Sensor
Added Room: Name=Master_Transmit
